<?xml version="1.0" encoding="UTF-8"?>
<!-- Generated by org.testng.reporters.JUnitXMLReporter -->
<testsuite hostname="PRINHYLTPDL0819" name="Write new post" tests="2" failures="2" timestamp="25 Oct 2018 09:53:42 GMT" time="48.979" errors="0">
  <testcase name="LoginSuccessTC" time="31.387" classname="hackathon.demo.TestClass">
    <failure type="java.lang.UnsupportedOperationException" message="Cannot convert &amp;apos;PASSED_ONLY&amp;apos; to com.automation.remarks.video.enums.VideoSaveMode">
      <![CDATA[java.lang.UnsupportedOperationException: Cannot convert 'PASSED_ONLY' to com.automation.remarks.video.enums.VideoSaveMode
	at org.aeonbits.owner.Util.unsupported(Util.java:128)
	at org.aeonbits.owner.Converters.unsupportedConversion(Converters.java:276)
	at org.aeonbits.owner.Converters.access$200(Converters.java:42)
	at org.aeonbits.owner.Converters$4.tryConvert(Converters.java:160)
	at org.aeonbits.owner.Converters.doConvert(Converters.java:268)
	at org.aeonbits.owner.Converters.convert(Converters.java:263)
	at org.aeonbits.owner.PropertiesInvocationHandler.resolveProperty(PropertiesInvocationHandler.java:87)
	at org.aeonbits.owner.PropertiesInvocationHandler.invoke(PropertiesInvocationHandler.java:67)
	at com.sun.proxy.$Proxy9.saveMode(Unknown Source)
	at com.automation.remarks.video.RecordingUtils.doVideoProcessing(RecordingUtils.java:25)
	at com.automation.remarks.testng.VideoListener.onTestSuccess(VideoListener.java:36)
	at org.apache.maven.surefire.testng.TestNGExecutor.run(TestNGExecutor.java:283)
	at org.apache.maven.surefire.testng.TestNGXmlTestSuite.execute(TestNGXmlTestSuite.java:75)
	at org.apache.maven.surefire.testng.TestNGProvider.invoke(TestNGProvider.java:120)
	at org.apache.maven.surefire.booter.ForkedBooter.invokeProviderInSameClassLoader(ForkedBooter.java:386)
	at org.apache.maven.surefire.booter.ForkedBooter.runSuitesInProcess(ForkedBooter.java:323)
	at org.apache.maven.surefire.booter.ForkedBooter.main(ForkedBooter.java:143)
Caused by: java.lang.IllegalArgumentException: No enum constant com.automation.remarks.video.enums.VideoSaveMode.PASSED_ONLY
	at java.lang.Enum.valueOf(Enum.java:238)
	at com.sun.beans.editors.EnumEditor.setAsText(EnumEditor.java:102)
	at org.aeonbits.owner.Converters$4.tryConvert(Converters.java:157)
	... 31 more
... Removed 18 stack frames]]>
    </failure>
  </testcase> <!-- LoginSuccessTC -->
  <testcase name="LoginFailTC" time="2.262" classname="hackathon.demo.TestClass">
    <failure type="java.lang.AssertionError" message="expected [Nielsen Studio] but found [Nielsen Studio » Log in]">
      <![CDATA[java.lang.AssertionError: expected [Nielsen Studio] but found [Nielsen Studio » Log in]
	at hackathon.demo.TestClass.LoginFailTC(TestClass.java:47)
	at org.apache.maven.surefire.testng.TestNGExecutor.run(TestNGExecutor.java:283)
	at org.apache.maven.surefire.testng.TestNGXmlTestSuite.execute(TestNGXmlTestSuite.java:75)
	at org.apache.maven.surefire.testng.TestNGProvider.invoke(TestNGProvider.java:120)
	at org.apache.maven.surefire.booter.ForkedBooter.invokeProviderInSameClassLoader(ForkedBooter.java:386)
	at org.apache.maven.surefire.booter.ForkedBooter.runSuitesInProcess(ForkedBooter.java:323)
	at org.apache.maven.surefire.booter.ForkedBooter.main(ForkedBooter.java:143)
... Removed 26 stack frames]]>
    </failure>
  </testcase> <!-- LoginFailTC -->
</testsuite> <!-- Write new post -->
